# JRE version: Java(TM) SE Runtime Environment (8.0_202-b08) (build 1.8.0_202-b08)
# Java VM: Java HotSpot(TM) 64-Bit Server VM (25.202-b08 mixed mode windows-amd64 compressed oops)
Heap:
 PSYoungGen      total 177664K, used 996K [0x000000076b200000, 0x000000077ae80000, 0x00000007c0000000)
  eden space 161792K, 0% used [0x000000076b200000,0x000000076b2f9380,0x0000000775000000)
  from space 15872K, 0% used [0x0000000775000000,0x0000000775000000,0x0000000775f80000)
  to   space 17408K, 0% used [0x0000000779d80000,0x0000000779d80000,0x000000077ae80000)
 ParOldGen       total 150528K, used 23408K [0x00000006c1600000, 0x00000006ca900000, 0x000000076b200000)
  object space 150528K, 15% used [0x00000006c1600000,0x00000006c2cdc3a8,0x00000006ca900000)
 Metaspace       used 55464K, capacity 58934K, committed 59028K, reserved 1099776K
  class space    used 7574K, capacity 8146K, committed 8192K, reserved 1048576K
GC Heap History (10 events):
Event: 4.847 GC heap before
{Heap before GC invocations=6 (full 1):
 PSYoungGen      total 114176K, used 99559K [0x000000076b200000, 0x0000000774500000, 0x00000007c0000000)
  eden space 105472K, 86% used [0x000000076b200000,0x0000000770acf708,0x0000000771900000)
  from space 8704K, 99% used [0x0000000773c80000,0x00000007744ea860,0x0000000774500000)
  to   space 10752K, 0% used [0x0000000773000000,0x0000000773000000,0x0000000773a80000)
 ParOldGen       total 95744K, used 6144K [0x00000006c1600000, 0x00000006c7380000, 0x000000076b200000)
  object space 95744K, 6% used [0x00000006c1600000,0x00000006c1c002e8,0x00000006c7380000)
 Metaspace       used 33261K, capacity 35346K, committed 35416K, reserved 1079296K
  class space    used 4322K, capacity 4693K, committed 4736K, reserved 1048576K
Event: 4.860 GC heap after
Heap after GC invocations=6 (full 1):
 PSYoungGen      total 139776K, used 10665K [0x000000076b200000, 0x0000000776b80000, 0x00000007c0000000)
  eden space 129024K, 0% used [0x000000076b200000,0x000000076b200000,0x0000000773000000)
  from space 10752K, 99% used [0x0000000773000000,0x0000000773a6a468,0x0000000773a80000)
  to   space 12288K, 0% used [0x0000000775f80000,0x0000000775f80000,0x0000000776b80000)
 ParOldGen       total 95744K, used 6152K [0x00000006c1600000, 0x00000006c7380000, 0x000000076b200000)
  object space 95744K, 6% used [0x00000006c1600000,0x00000006c1c022e8,0x00000006c7380000)
 Metaspace       used 33261K, capacity 35346K, committed 35416K, reserved 1079296K
  class space    used 4322K, capacity 4693K, committed 4736K, reserved 1048576K
}
Event: 4.860 GC heap before
{Heap before GC invocations=7 (full 2):
 PSYoungGen      total 139776K, used 10665K [0x000000076b200000, 0x0000000776b80000, 0x00000007c0000000)
  eden space 129024K, 0% used [0x000000076b200000,0x000000076b200000,0x0000000773000000)
  from space 10752K, 99% used [0x0000000773000000,0x0000000773a6a468,0x0000000773a80000)
  to   space 12288K, 0% used [0x0000000775f80000,0x0000000775f80000,0x0000000776b80000)
 ParOldGen       total 95744K, used 6152K [0x00000006c1600000, 0x00000006c7380000, 0x000000076b200000)
  object space 95744K, 6% used [0x00000006c1600000,0x00000006c1c022e8,0x00000006c7380000)
 Metaspace       used 33261K, capacity 35346K, committed 35416K, reserved 1079296K
  class space    used 4322K, capacity 4693K, committed 4736K, reserved 1048576K
Event: 4.930 GC heap after
Heap after GC invocations=7 (full 2):
 PSYoungGen      total 139776K, used 0K [0x000000076b200000, 0x0000000776b80000, 0x00000007c0000000)
  eden space 129024K, 0% used [0x000000076b200000,0x000000076b200000,0x0000000773000000)
  from space 10752K, 0% used [0x0000000773000000,0x0000000773000000,0x0000000773a80000)
  to   space 12288K, 0% used [0x0000000775f80000,0x0000000775f80000,0x0000000776b80000)
 ParOldGen       total 150528K, used 14951K [0x00000006c1600000, 0x00000006ca900000, 0x000000076b200000)
  object space 150528K, 9% used [0x00000006c1600000,0x00000006c2499f58,0x00000006ca900000)
 Metaspace       used 33261K, capacity 35346K, committed 35416K, reserved 1079296K
  class space    used 4322K, capacity 4693K, committed 4736K, reserved 1048576K
}
Event: 7.010 GC heap before
{Heap before GC invocations=8 (full 2):
 PSYoungGen      total 139776K, used 129024K [0x000000076b200000, 0x0000000776b80000, 0x00000007c0000000)
  eden space 129024K, 100% used [0x000000076b200000,0x0000000773000000,0x0000000773000000)
  from space 10752K, 0% used [0x0000000773000000,0x0000000773000000,0x0000000773a80000)
  to   space 12288K, 0% used [0x0000000775f80000,0x0000000775f80000,0x0000000776b80000)
 ParOldGen       total 150528K, used 14951K [0x00000006c1600000, 0x00000006ca900000, 0x000000076b200000)
  object space 150528K, 9% used [0x00000006c1600000,0x00000006c2499f58,0x00000006ca900000)
 Metaspace       used 47828K, capacity 50404K, committed 50776K, reserved 1093632K
  class space    used 6522K, capacity 6939K, committed 7040K, reserved 1048576K
Event: 7.029 GC heap after
Heap after GC invocations=8 (full 2):
 PSYoungGen      total 174080K, used 12270K [0x000000076b200000, 0x0000000778800000, 0x00000007c0000000)
  eden space 161792K, 0% used [0x000000076b200000,0x000000076b200000,0x0000000775000000)
  from space 12288K, 99% used [0x0000000775f80000,0x0000000776b7bb30,0x0000000776b80000)
  to   space 15872K, 0% used [0x0000000775000000,0x0000000775000000,0x0000000775f80000)
 ParOldGen       total 150528K, used 18961K [0x00000006c1600000, 0x00000006ca900000, 0x000000076b200000)
  object space 150528K, 12% used [0x00000006c1600000,0x00000006c2884448,0x00000006ca900000)
 Metaspace       used 47828K, capacity 50404K, committed 50776K, reserved 1093632K
  class space    used 6522K, capacity 6939K, committed 7040K, reserved 1048576K
}
Event: 516.076 GC heap before
{Heap before GC invocations=9 (full 2):
 PSYoungGen      total 174080K, used 95460K [0x000000076b200000, 0x0000000778800000, 0x00000007c0000000)
  eden space 161792K, 51% used [0x000000076b200000,0x000000077033d758,0x0000000775000000)
  from space 12288K, 99% used [0x0000000775f80000,0x0000000776b7bb30,0x0000000776b80000)
  to   space 15872K, 0% used [0x0000000775000000,0x0000000775000000,0x0000000775f80000)
 ParOldGen       total 150528K, used 18961K [0x00000006c1600000, 0x00000006ca900000, 0x000000076b200000)
  object space 150528K, 12% used [0x00000006c1600000,0x00000006c2884448,0x00000006ca900000)
 Metaspace       used 55464K, capacity 58934K, committed 59028K, reserved 1099776K
  class space    used 7574K, capacity 8146K, committed 8192K, reserved 1048576K
Event: 516.125 GC heap after
Heap after GC invocations=9 (full 2):
 PSYoungGen      total 177664K, used 14514K [0x000000076b200000, 0x000000077ae80000, 0x00000007c0000000)
  eden space 161792K, 0% used [0x000000076b200000,0x000000076b200000,0x0000000775000000)
  from space 15872K, 91% used [0x0000000775000000,0x0000000775e2c920,0x0000000775f80000)
  to   space 17408K, 0% used [0x0000000779d80000,0x0000000779d80000,0x000000077ae80000)
 ParOldGen       total 150528K, used 18969K [0x00000006c1600000, 0x00000006ca900000, 0x000000076b200000)
  object space 150528K, 12% used [0x00000006c1600000,0x00000006c2886448,0x00000006ca900000)
 Metaspace       used 55464K, capacity 58934K, committed 59028K, reserved 1099776K
  class space    used 7574K, capacity 8146K, committed 8192K, reserved 1048576K
}
Event: 516.125 GC heap before
{Heap before GC invocations=10 (full 3):
 PSYoungGen      total 177664K, used 14514K [0x000000076b200000, 0x000000077ae80000, 0x00000007c0000000)
  eden space 161792K, 0% used [0x000000076b200000,0x000000076b200000,0x0000000775000000)
  from space 15872K, 91% used [0x0000000775000000,0x0000000775e2c920,0x0000000775f80000)
  to   space 17408K, 0% used [0x0000000779d80000,0x0000000779d80000,0x000000077ae80000)
 ParOldGen       total 150528K, used 18969K [0x00000006c1600000, 0x00000006ca900000, 0x000000076b200000)
  object space 150528K, 12% used [0x00000006c1600000,0x00000006c2886448,0x00000006ca900000)
 Metaspace       used 55464K, capacity 58934K, committed 59028K, reserved 1099776K
  class space    used 7574K, capacity 8146K, committed 8192K, reserved 1048576K
Event: 516.286 GC heap after
Heap after GC invocations=10 (full 3):
 PSYoungGen      total 177664K, used 0K [0x000000076b200000, 0x000000077ae80000, 0x00000007c0000000)
  eden space 161792K, 0% used [0x000000076b200000,0x000000076b200000,0x0000000775000000)
  from space 15872K, 0% used [0x0000000775000000,0x0000000775000000,0x0000000775f80000)
  to   space 17408K, 0% used [0x0000000779d80000,0x0000000779d80000,0x000000077ae80000)
 ParOldGen       total 150528K, used 23408K [0x00000006c1600000, 0x00000006ca900000, 0x000000076b200000)
  object space 150528K, 15% used [0x00000006c1600000,0x00000006c2cdc3a8,0x00000006ca900000)
 Metaspace       used 55464K, capacity 58934K, committed 59028K, reserved 1099776K
  class space    used 7574K, capacity 8146K, committed 8192K, reserved 1048576K
}

