# JRE version: Java(TM) SE Runtime Environment (8.0_202-b08) (build 1.8.0_202-b08)
# Java VM: Java HotSpot(TM) 64-Bit Server VM (25.202-b08 mixed mode windows-amd64 compressed oops)
Heap:
 PSYoungGen      total 196608K, used 9626K [0x000000076b200000, 0x000000077d580000, 0x00000007c0000000)
  eden space 181248K, 5% used [0x000000076b200000,0x000000076bb66bf8,0x0000000776300000)
  from space 15360K, 0% used [0x0000000776300000,0x0000000776300000,0x0000000777200000)
  to   space 16896K, 0% used [0x000000077c500000,0x000000077c500000,0x000000077d580000)
 ParOldGen       total 135680K, used 23586K [0x00000006c1600000, 0x00000006c9a80000, 0x000000076b200000)
  object space 135680K, 17% used [0x00000006c1600000,0x00000006c2d08898,0x00000006c9a80000)
 Metaspace       used 56451K, capacity 59944K, committed 60160K, reserved 1101824K
  class space    used 7819K, capacity 8402K, committed 8448K, reserved 1048576K
GC Heap History (10 events):
Event: 4.880 GC heap before
{Heap before GC invocations=6 (full 1):
 PSYoungGen      total 121344K, used 100760K [0x000000076b200000, 0x0000000774680000, 0x00000007c0000000)
  eden space 111104K, 81% used [0x000000076b200000,0x0000000770aba7c0,0x0000000771e80000)
  from space 10240K, 96% used [0x0000000773c80000,0x000000077462bb48,0x0000000774680000)
  to   space 10752K, 0% used [0x0000000773180000,0x0000000773180000,0x0000000773c00000)
 ParOldGen       total 91648K, used 7315K [0x00000006c1600000, 0x00000006c6f80000, 0x000000076b200000)
  object space 91648K, 7% used [0x00000006c1600000,0x00000006c1d24e70,0x00000006c6f80000)
 Metaspace       used 33353K, capacity 35404K, committed 35496K, reserved 1079296K
  class space    used 4412K, capacity 4775K, committed 4864K, reserved 1048576K
Event: 4.902 GC heap after
Heap after GC invocations=6 (full 1):
 PSYoungGen      total 141312K, used 9935K [0x000000076b200000, 0x0000000777d80000, 0x00000007c0000000)
  eden space 130560K, 0% used [0x000000076b200000,0x000000076b200000,0x0000000773180000)
  from space 10752K, 92% used [0x0000000773180000,0x0000000773b33d08,0x0000000773c00000)
  to   space 11776K, 0% used [0x0000000777200000,0x0000000777200000,0x0000000777d80000)
 ParOldGen       total 91648K, used 7323K [0x00000006c1600000, 0x00000006c6f80000, 0x000000076b200000)
  object space 91648K, 7% used [0x00000006c1600000,0x00000006c1d26e70,0x00000006c6f80000)
 Metaspace       used 33353K, capacity 35404K, committed 35496K, reserved 1079296K
  class space    used 4412K, capacity 4775K, committed 4864K, reserved 1048576K
}
Event: 4.902 GC heap before
{Heap before GC invocations=7 (full 2):
 PSYoungGen      total 141312K, used 9935K [0x000000076b200000, 0x0000000777d80000, 0x00000007c0000000)
  eden space 130560K, 0% used [0x000000076b200000,0x000000076b200000,0x0000000773180000)
  from space 10752K, 92% used [0x0000000773180000,0x0000000773b33d08,0x0000000773c00000)
  to   space 11776K, 0% used [0x0000000777200000,0x0000000777200000,0x0000000777d80000)
 ParOldGen       total 91648K, used 7323K [0x00000006c1600000, 0x00000006c6f80000, 0x000000076b200000)
  object space 91648K, 7% used [0x00000006c1600000,0x00000006c1d26e70,0x00000006c6f80000)
 Metaspace       used 33353K, capacity 35404K, committed 35496K, reserved 1079296K
  class space    used 4412K, capacity 4775K, committed 4864K, reserved 1048576K
Event: 4.968 GC heap after
Heap after GC invocations=7 (full 2):
 PSYoungGen      total 141312K, used 0K [0x000000076b200000, 0x0000000777d80000, 0x00000007c0000000)
  eden space 130560K, 0% used [0x000000076b200000,0x000000076b200000,0x0000000773180000)
  from space 10752K, 0% used [0x0000000773180000,0x0000000773180000,0x0000000773c00000)
  to   space 11776K, 0% used [0x0000000777200000,0x0000000777200000,0x0000000777d80000)
 ParOldGen       total 135680K, used 14440K [0x00000006c1600000, 0x00000006c9a80000, 0x000000076b200000)
  object space 135680K, 10% used [0x00000006c1600000,0x00000006c241a1e8,0x00000006c9a80000)
 Metaspace       used 33353K, capacity 35404K, committed 35496K, reserved 1079296K
  class space    used 4412K, capacity 4775K, committed 4864K, reserved 1048576K
}
Event: 6.878 GC heap before
{Heap before GC invocations=8 (full 2):
 PSYoungGen      total 141312K, used 130560K [0x000000076b200000, 0x0000000777d80000, 0x00000007c0000000)
  eden space 130560K, 100% used [0x000000076b200000,0x0000000773180000,0x0000000773180000)
  from space 10752K, 0% used [0x0000000773180000,0x0000000773180000,0x0000000773c00000)
  to   space 11776K, 0% used [0x0000000777200000,0x0000000777200000,0x0000000777d80000)
 ParOldGen       total 135680K, used 14440K [0x00000006c1600000, 0x00000006c9a80000, 0x000000076b200000)
  object space 135680K, 10% used [0x00000006c1600000,0x00000006c241a1e8,0x00000006c9a80000)
 Metaspace       used 48122K, capacity 50662K, committed 50944K, reserved 1093632K
  class space    used 6657K, capacity 7095K, committed 7168K, reserved 1048576K
Event: 6.901 GC heap after
Heap after GC invocations=8 (full 2):
 PSYoungGen      total 193024K, used 11752K [0x000000076b200000, 0x0000000779300000, 0x00000007c0000000)
  eden space 181248K, 0% used [0x000000076b200000,0x000000076b200000,0x0000000776300000)
  from space 11776K, 99% used [0x0000000777200000,0x0000000777d7a0b8,0x0000000777d80000)
  to   space 15360K, 0% used [0x0000000776300000,0x0000000776300000,0x0000000777200000)
 ParOldGen       total 135680K, used 19083K [0x00000006c1600000, 0x00000006c9a80000, 0x000000076b200000)
  object space 135680K, 14% used [0x00000006c1600000,0x00000006c28a2f08,0x00000006c9a80000)
 Metaspace       used 48122K, capacity 50662K, committed 50944K, reserved 1093632K
  class space    used 6657K, capacity 7095K, committed 7168K, reserved 1048576K
}
Event: 95.208 GC heap before
{Heap before GC invocations=9 (full 2):
 PSYoungGen      total 193024K, used 95227K [0x000000076b200000, 0x0000000779300000, 0x00000007c0000000)
  eden space 181248K, 46% used [0x000000076b200000,0x0000000770384bc0,0x0000000776300000)
  from space 11776K, 99% used [0x0000000777200000,0x0000000777d7a0b8,0x0000000777d80000)
  to   space 15360K, 0% used [0x0000000776300000,0x0000000776300000,0x0000000777200000)
 ParOldGen       total 135680K, used 19083K [0x00000006c1600000, 0x00000006c9a80000, 0x000000076b200000)
  object space 135680K, 14% used [0x00000006c1600000,0x00000006c28a2f08,0x00000006c9a80000)
 Metaspace       used 55680K, capacity 59090K, committed 59160K, reserved 1099776K
  class space    used 7694K, capacity 8257K, committed 8320K, reserved 1048576K
Event: 95.237 GC heap after
Heap after GC invocations=9 (full 2):
 PSYoungGen      total 196608K, used 14580K [0x000000076b200000, 0x000000077d580000, 0x00000007c0000000)
  eden space 181248K, 0% used [0x000000076b200000,0x000000076b200000,0x0000000776300000)
  from space 15360K, 94% used [0x0000000776300000,0x000000077713d348,0x0000000777200000)
  to   space 16896K, 0% used [0x000000077c500000,0x000000077c500000,0x000000077d580000)
 ParOldGen       total 135680K, used 19091K [0x00000006c1600000, 0x00000006c9a80000, 0x000000076b200000)
  object space 135680K, 14% used [0x00000006c1600000,0x00000006c28a4f08,0x00000006c9a80000)
 Metaspace       used 55680K, capacity 59090K, committed 59160K, reserved 1099776K
  class space    used 7694K, capacity 8257K, committed 8320K, reserved 1048576K
}
Event: 95.237 GC heap before
{Heap before GC invocations=10 (full 3):
 PSYoungGen      total 196608K, used 14580K [0x000000076b200000, 0x000000077d580000, 0x00000007c0000000)
  eden space 181248K, 0% used [0x000000076b200000,0x000000076b200000,0x0000000776300000)
  from space 15360K, 94% used [0x0000000776300000,0x000000077713d348,0x0000000777200000)
  to   space 16896K, 0% used [0x000000077c500000,0x000000077c500000,0x000000077d580000)
 ParOldGen       total 135680K, used 19091K [0x00000006c1600000, 0x00000006c9a80000, 0x000000076b200000)
  object space 135680K, 14% used [0x00000006c1600000,0x00000006c28a4f08,0x00000006c9a80000)
 Metaspace       used 55680K, capacity 59090K, committed 59160K, reserved 1099776K
  class space    used 7694K, capacity 8257K, committed 8320K, reserved 1048576K
Event: 95.556 GC heap after
Heap after GC invocations=10 (full 3):
 PSYoungGen      total 196608K, used 0K [0x000000076b200000, 0x000000077d580000, 0x00000007c0000000)
  eden space 181248K, 0% used [0x000000076b200000,0x000000076b200000,0x0000000776300000)
  from space 15360K, 0% used [0x0000000776300000,0x0000000776300000,0x0000000777200000)
  to   space 16896K, 0% used [0x000000077c500000,0x000000077c500000,0x000000077d580000)
 ParOldGen       total 135680K, used 23586K [0x00000006c1600000, 0x00000006c9a80000, 0x000000076b200000)
  object space 135680K, 17% used [0x00000006c1600000,0x00000006c2d08898,0x00000006c9a80000)
 Metaspace       used 55680K, capacity 59090K, committed 59160K, reserved 1099776K
  class space    used 7694K, capacity 8257K, committed 8320K, reserved 1048576K
}

