# JRE version: Java(TM) SE Runtime Environment (8.0_202-b08) (build 1.8.0_202-b08)
# Java VM: Java HotSpot(TM) 64-Bit Server VM (25.202-b08 mixed mode windows-amd64 compressed oops)
Heap:
 PSYoungGen      total 272896K, used 101600K [0x000000076b200000, 0x0000000782f00000, 0x00000007c0000000)
  eden space 262144K, 38% used [0x000000076b200000,0x00000007715381d8,0x000000077b200000)
  from space 10752K, 0% used [0x000000077b200000,0x000000077b200000,0x000000077bc80000)
  to   space 14336K, 0% used [0x0000000782100000,0x0000000782100000,0x0000000782f00000)
 ParOldGen       total 92672K, used 12802K [0x00000006c1600000, 0x00000006c7080000, 0x000000076b200000)
  object space 92672K, 13% used [0x00000006c1600000,0x00000006c22808c0,0x00000006c7080000)
 Metaspace       used 44410K, capacity 46830K, committed 47192K, reserved 1089536K
  class space    used 6028K, capacity 6450K, committed 6528K, reserved 1048576K
GC Heap History (10 events):
Event: 1.848 GC heap before
{Heap before GC invocations=3 (full 0):
 PSYoungGen      total 141824K, used 18332K [0x000000076b200000, 0x0000000774700000, 0x00000007c0000000)
  eden space 131072K, 7% used [0x000000076b200000,0x000000076bba9fa8,0x0000000773200000)
  from space 10752K, 78% used [0x0000000773c80000,0x00000007744bd068,0x0000000774700000)
  to   space 10752K, 0% used [0x0000000773200000,0x0000000773200000,0x0000000773c80000)
 ParOldGen       total 175104K, used 249K [0x00000006c1600000, 0x00000006cc100000, 0x000000076b200000)
  object space 175104K, 0% used [0x00000006c1600000,0x00000006c163e5b0,0x00000006cc100000)
 Metaspace       used 20207K, capacity 21114K, committed 21248K, reserved 1067008K
  class space    used 2514K, capacity 2731K, committed 2816K, reserved 1048576K
Event: 1.857 GC heap after
Heap after GC invocations=3 (full 0):
 PSYoungGen      total 141824K, used 6279K [0x000000076b200000, 0x000000077c700000, 0x00000007c0000000)
  eden space 131072K, 0% used [0x000000076b200000,0x000000076b200000,0x0000000773200000)
  from space 10752K, 58% used [0x0000000773200000,0x0000000773821c80,0x0000000773c80000)
  to   space 10752K, 0% used [0x000000077bc80000,0x000000077bc80000,0x000000077c700000)
 ParOldGen       total 175104K, used 257K [0x00000006c1600000, 0x00000006cc100000, 0x000000076b200000)
  object space 175104K, 0% used [0x00000006c1600000,0x00000006c16405b0,0x00000006cc100000)
 Metaspace       used 20207K, capacity 21114K, committed 21248K, reserved 1067008K
  class space    used 2514K, capacity 2731K, committed 2816K, reserved 1048576K
}
Event: 1.857 GC heap before
{Heap before GC invocations=4 (full 1):
 PSYoungGen      total 141824K, used 6279K [0x000000076b200000, 0x000000077c700000, 0x00000007c0000000)
  eden space 131072K, 0% used [0x000000076b200000,0x000000076b200000,0x0000000773200000)
  from space 10752K, 58% used [0x0000000773200000,0x0000000773821c80,0x0000000773c80000)
  to   space 10752K, 0% used [0x000000077bc80000,0x000000077bc80000,0x000000077c700000)
 ParOldGen       total 175104K, used 257K [0x00000006c1600000, 0x00000006cc100000, 0x000000076b200000)
  object space 175104K, 0% used [0x00000006c1600000,0x00000006c16405b0,0x00000006cc100000)
 Metaspace       used 20207K, capacity 21114K, committed 21248K, reserved 1067008K
  class space    used 2514K, capacity 2731K, committed 2816K, reserved 1048576K
Event: 1.888 GC heap after
Heap after GC invocations=4 (full 1):
 PSYoungGen      total 141824K, used 0K [0x000000076b200000, 0x000000077c700000, 0x00000007c0000000)
  eden space 131072K, 0% used [0x000000076b200000,0x000000076b200000,0x0000000773200000)
  from space 10752K, 0% used [0x0000000773200000,0x0000000773200000,0x0000000773c80000)
  to   space 10752K, 0% used [0x000000077bc80000,0x000000077bc80000,0x000000077c700000)
 ParOldGen       total 92672K, used 6166K [0x00000006c1600000, 0x00000006c7080000, 0x000000076b200000)
  object space 92672K, 6% used [0x00000006c1600000,0x00000006c1c05860,0x00000006c7080000)
 Metaspace       used 20207K, capacity 21114K, committed 21248K, reserved 1067008K
  class space    used 2514K, capacity 2731K, committed 2816K, reserved 1048576K
}
Event: 4.114 GC heap before
{Heap before GC invocations=5 (full 1):
 PSYoungGen      total 141824K, used 131072K [0x000000076b200000, 0x000000077c700000, 0x00000007c0000000)
  eden space 131072K, 100% used [0x000000076b200000,0x0000000773200000,0x0000000773200000)
  from space 10752K, 0% used [0x0000000773200000,0x0000000773200000,0x0000000773c80000)
  to   space 10752K, 0% used [0x000000077bc80000,0x000000077bc80000,0x000000077c700000)
 ParOldGen       total 92672K, used 6166K [0x00000006c1600000, 0x00000006c7080000, 0x000000076b200000)
  object space 92672K, 6% used [0x00000006c1600000,0x00000006c1c05860,0x00000006c7080000)
 Metaspace       used 30301K, capacity 32394K, committed 32512K, reserved 1077248K
  class space    used 3902K, capacity 4277K, committed 4352K, reserved 1048576K
Event: 4.128 GC heap after
Heap after GC invocations=5 (full 1):
 PSYoungGen      total 225280K, used 10737K [0x000000076b200000, 0x000000077c700000, 0x00000007c0000000)
  eden space 214528K, 0% used [0x000000076b200000,0x000000076b200000,0x0000000778380000)
  from space 10752K, 99% used [0x000000077bc80000,0x000000077c6fc4e8,0x000000077c700000)
  to   space 10752K, 0% used [0x000000077b200000,0x000000077b200000,0x000000077bc80000)
 ParOldGen       total 92672K, used 8125K [0x00000006c1600000, 0x00000006c7080000, 0x000000076b200000)
  object space 92672K, 8% used [0x00000006c1600000,0x00000006c1def778,0x00000006c7080000)
 Metaspace       used 30301K, capacity 32394K, committed 32512K, reserved 1077248K
  class space    used 3902K, capacity 4277K, committed 4352K, reserved 1048576K
}
Event: 4.506 GC heap before
{Heap before GC invocations=6 (full 1):
 PSYoungGen      total 225280K, used 40937K [0x000000076b200000, 0x000000077c700000, 0x00000007c0000000)
  eden space 214528K, 14% used [0x000000076b200000,0x000000076cf7e300,0x0000000778380000)
  from space 10752K, 99% used [0x000000077bc80000,0x000000077c6fc4e8,0x000000077c700000)
  to   space 10752K, 0% used [0x000000077b200000,0x000000077b200000,0x000000077bc80000)
 ParOldGen       total 92672K, used 8125K [0x00000006c1600000, 0x00000006c7080000, 0x000000076b200000)
  object space 92672K, 8% used [0x00000006c1600000,0x00000006c1def778,0x00000006c7080000)
 Metaspace       used 33266K, capacity 35346K, committed 35416K, reserved 1079296K
  class space    used 4323K, capacity 4693K, committed 4736K, reserved 1048576K
Event: 4.529 GC heap after
Heap after GC invocations=6 (full 1):
 PSYoungGen      total 272896K, used 8273K [0x000000076b200000, 0x0000000782f00000, 0x00000007c0000000)
  eden space 262144K, 0% used [0x000000076b200000,0x000000076b200000,0x000000077b200000)
  from space 10752K, 76% used [0x000000077b200000,0x000000077ba146c8,0x000000077bc80000)
  to   space 14336K, 0% used [0x0000000782100000,0x0000000782100000,0x0000000782f00000)
 ParOldGen       total 92672K, used 8133K [0x00000006c1600000, 0x00000006c7080000, 0x000000076b200000)
  object space 92672K, 8% used [0x00000006c1600000,0x00000006c1df1778,0x00000006c7080000)
 Metaspace       used 33266K, capacity 35346K, committed 35416K, reserved 1079296K
  class space    used 4323K, capacity 4693K, committed 4736K, reserved 1048576K
}
Event: 4.529 GC heap before
{Heap before GC invocations=7 (full 2):
 PSYoungGen      total 272896K, used 8273K [0x000000076b200000, 0x0000000782f00000, 0x00000007c0000000)
  eden space 262144K, 0% used [0x000000076b200000,0x000000076b200000,0x000000077b200000)
  from space 10752K, 76% used [0x000000077b200000,0x000000077ba146c8,0x000000077bc80000)
  to   space 14336K, 0% used [0x0000000782100000,0x0000000782100000,0x0000000782f00000)
 ParOldGen       total 92672K, used 8133K [0x00000006c1600000, 0x00000006c7080000, 0x000000076b200000)
  object space 92672K, 8% used [0x00000006c1600000,0x00000006c1df1778,0x00000006c7080000)
 Metaspace       used 33266K, capacity 35346K, committed 35416K, reserved 1079296K
  class space    used 4323K, capacity 4693K, committed 4736K, reserved 1048576K
Event: 4.618 GC heap after
Heap after GC invocations=7 (full 2):
 PSYoungGen      total 272896K, used 0K [0x000000076b200000, 0x0000000782f00000, 0x00000007c0000000)
  eden space 262144K, 0% used [0x000000076b200000,0x000000076b200000,0x000000077b200000)
  from space 10752K, 0% used [0x000000077b200000,0x000000077b200000,0x000000077bc80000)
  to   space 14336K, 0% used [0x0000000782100000,0x0000000782100000,0x0000000782f00000)
 ParOldGen       total 92672K, used 12802K [0x00000006c1600000, 0x00000006c7080000, 0x000000076b200000)
  object space 92672K, 13% used [0x00000006c1600000,0x00000006c22808c0,0x00000006c7080000)
 Metaspace       used 33266K, capacity 35346K, committed 35416K, reserved 1079296K
  class space    used 4323K, capacity 4693K, committed 4736K, reserved 1048576K
}

