# JRE version: Java(TM) SE Runtime Environment (8.0_202-b08) (build 1.8.0_202-b08)
# Java VM: Java HotSpot(TM) 64-Bit Server VM (25.202-b08 mixed mode windows-amd64 compressed oops)
Heap:
 PSYoungGen      total 277504K, used 11199K [0x000000076b200000, 0x0000000782b00000, 0x00000007c0000000)
  eden space 262144K, 4% used [0x000000076b200000,0x000000076bcefce8,0x000000077b200000)
  from space 15360K, 0% used [0x0000000781c00000,0x0000000781c00000,0x0000000782b00000)
  to   space 10752K, 0% used [0x000000077b200000,0x000000077b200000,0x000000077bc80000)
 ParOldGen       total 188928K, used 34388K [0x00000006c1600000, 0x00000006cce80000, 0x000000076b200000)
  object space 188928K, 18% used [0x00000006c1600000,0x00000006c37953a8,0x00000006cce80000)
 Metaspace       used 56523K, capacity 60043K, committed 60160K, reserved 1101824K
  class space    used 7855K, capacity 8436K, committed 8448K, reserved 1048576K
GC Heap History (10 events):
Event: 4.430 GC heap before
{Heap before GC invocations=5 (full 1):
 PSYoungGen      total 141824K, used 131048K [0x000000076b200000, 0x000000077c700000, 0x00000007c0000000)
  eden space 131072K, 99% used [0x000000076b200000,0x00000007731fa0b0,0x0000000773200000)
  from space 10752K, 0% used [0x0000000773200000,0x0000000773200000,0x0000000773c80000)
  to   space 10752K, 0% used [0x000000077bc80000,0x000000077bc80000,0x000000077c700000)
 ParOldGen       total 93696K, used 6970K [0x00000006c1600000, 0x00000006c7180000, 0x000000076b200000)
  object space 93696K, 7% used [0x00000006c1600000,0x00000006c1cce928,0x00000006c7180000)
 Metaspace       used 31550K, capacity 33619K, committed 33792K, reserved 1079296K
  class space    used 4179K, capacity 4559K, committed 4608K, reserved 1048576K
Event: 4.448 GC heap after
Heap after GC invocations=5 (full 1):
 PSYoungGen      total 225280K, used 10734K [0x000000076b200000, 0x000000077c700000, 0x00000007c0000000)
  eden space 214528K, 0% used [0x000000076b200000,0x000000076b200000,0x0000000778380000)
  from space 10752K, 99% used [0x000000077bc80000,0x000000077c6fba38,0x000000077c700000)
  to   space 10752K, 0% used [0x000000077b200000,0x000000077b200000,0x000000077bc80000)
 ParOldGen       total 93696K, used 11596K [0x00000006c1600000, 0x00000006c7180000, 0x000000076b200000)
  object space 93696K, 12% used [0x00000006c1600000,0x00000006c2153190,0x00000006c7180000)
 Metaspace       used 31550K, capacity 33619K, committed 33792K, reserved 1079296K
  class space    used 4179K, capacity 4559K, committed 4608K, reserved 1048576K
}
Event: 4.674 GC heap before
{Heap before GC invocations=6 (full 1):
 PSYoungGen      total 225280K, used 39109K [0x000000076b200000, 0x000000077c700000, 0x00000007c0000000)
  eden space 214528K, 13% used [0x000000076b200000,0x000000076cdb59c8,0x0000000778380000)
  from space 10752K, 99% used [0x000000077bc80000,0x000000077c6fba38,0x000000077c700000)
  to   space 10752K, 0% used [0x000000077b200000,0x000000077b200000,0x000000077bc80000)
 ParOldGen       total 93696K, used 11596K [0x00000006c1600000, 0x00000006c7180000, 0x000000076b200000)
  object space 93696K, 12% used [0x00000006c1600000,0x00000006c2153190,0x00000006c7180000)
 Metaspace       used 33347K, capacity 35399K, committed 35496K, reserved 1079296K
  class space    used 4404K, capacity 4773K, committed 4864K, reserved 1048576K
Event: 4.686 GC heap after
Heap after GC invocations=6 (full 1):
 PSYoungGen      total 272896K, used 7080K [0x000000076b200000, 0x0000000782b00000, 0x00000007c0000000)
  eden space 262144K, 0% used [0x000000076b200000,0x000000076b200000,0x000000077b200000)
  from space 10752K, 65% used [0x000000077b200000,0x000000077b8ea040,0x000000077bc80000)
  to   space 15360K, 0% used [0x0000000781c00000,0x0000000781c00000,0x0000000782b00000)
 ParOldGen       total 93696K, used 11604K [0x00000006c1600000, 0x00000006c7180000, 0x000000076b200000)
  object space 93696K, 12% used [0x00000006c1600000,0x00000006c2155190,0x00000006c7180000)
 Metaspace       used 33347K, capacity 35399K, committed 35496K, reserved 1079296K
  class space    used 4404K, capacity 4773K, committed 4864K, reserved 1048576K
}
Event: 4.686 GC heap before
{Heap before GC invocations=7 (full 2):
 PSYoungGen      total 272896K, used 7080K [0x000000076b200000, 0x0000000782b00000, 0x00000007c0000000)
  eden space 262144K, 0% used [0x000000076b200000,0x000000076b200000,0x000000077b200000)
  from space 10752K, 65% used [0x000000077b200000,0x000000077b8ea040,0x000000077bc80000)
  to   space 15360K, 0% used [0x0000000781c00000,0x0000000781c00000,0x0000000782b00000)
 ParOldGen       total 93696K, used 11604K [0x00000006c1600000, 0x00000006c7180000, 0x000000076b200000)
  object space 93696K, 12% used [0x00000006c1600000,0x00000006c2155190,0x00000006c7180000)
 Metaspace       used 33347K, capacity 35399K, committed 35496K, reserved 1079296K
  class space    used 4404K, capacity 4773K, committed 4864K, reserved 1048576K
Event: 4.759 GC heap after
Heap after GC invocations=7 (full 2):
 PSYoungGen      total 272896K, used 0K [0x000000076b200000, 0x0000000782b00000, 0x00000007c0000000)
  eden space 262144K, 0% used [0x000000076b200000,0x000000076b200000,0x000000077b200000)
  from space 10752K, 0% used [0x000000077b200000,0x000000077b200000,0x000000077bc80000)
  to   space 15360K, 0% used [0x0000000781c00000,0x0000000781c00000,0x0000000782b00000)
 ParOldGen       total 134656K, used 11784K [0x00000006c1600000, 0x00000006c9980000, 0x000000076b200000)
  object space 134656K, 8% used [0x00000006c1600000,0x00000006c21820c0,0x00000006c9980000)
 Metaspace       used 33347K, capacity 35399K, committed 35496K, reserved 1079296K
  class space    used 4404K, capacity 4773K, committed 4864K, reserved 1048576K
}
Event: 60.050 GC heap before
{Heap before GC invocations=8 (full 2):
 PSYoungGen      total 272896K, used 222761K [0x000000076b200000, 0x0000000782b00000, 0x00000007c0000000)
  eden space 262144K, 84% used [0x000000076b200000,0x0000000778b8a5f0,0x000000077b200000)
  from space 10752K, 0% used [0x000000077b200000,0x000000077b200000,0x000000077bc80000)
  to   space 15360K, 0% used [0x0000000781c00000,0x0000000781c00000,0x0000000782b00000)
 ParOldGen       total 134656K, used 11784K [0x00000006c1600000, 0x00000006c9980000, 0x000000076b200000)
  object space 134656K, 8% used [0x00000006c1600000,0x00000006c21820c0,0x00000006c9980000)
 Metaspace       used 55611K, capacity 59063K, committed 59160K, reserved 1099776K
  class space    used 7693K, capacity 8264K, committed 8320K, reserved 1048576K
Event: 60.086 GC heap after
Heap after GC invocations=8 (full 2):
 PSYoungGen      total 277504K, used 15335K [0x000000076b200000, 0x0000000782b00000, 0x00000007c0000000)
  eden space 262144K, 0% used [0x000000076b200000,0x000000076b200000,0x000000077b200000)
  from space 15360K, 99% used [0x0000000781c00000,0x0000000782af9e50,0x0000000782b00000)
  to   space 10752K, 0% used [0x000000077b200000,0x000000077b200000,0x000000077bc80000)
 ParOldGen       total 134656K, used 22484K [0x00000006c1600000, 0x00000006c9980000, 0x000000076b200000)
  object space 134656K, 16% used [0x00000006c1600000,0x00000006c2bf50c0,0x00000006c9980000)
 Metaspace       used 55611K, capacity 59063K, committed 59160K, reserved 1099776K
  class space    used 7693K, capacity 8264K, committed 8320K, reserved 1048576K
}
Event: 60.086 GC heap before
{Heap before GC invocations=9 (full 3):
 PSYoungGen      total 277504K, used 15335K [0x000000076b200000, 0x0000000782b00000, 0x00000007c0000000)
  eden space 262144K, 0% used [0x000000076b200000,0x000000076b200000,0x000000077b200000)
  from space 15360K, 99% used [0x0000000781c00000,0x0000000782af9e50,0x0000000782b00000)
  to   space 10752K, 0% used [0x000000077b200000,0x000000077b200000,0x000000077bc80000)
 ParOldGen       total 134656K, used 22484K [0x00000006c1600000, 0x00000006c9980000, 0x000000076b200000)
  object space 134656K, 16% used [0x00000006c1600000,0x00000006c2bf50c0,0x00000006c9980000)
 Metaspace       used 55611K, capacity 59063K, committed 59160K, reserved 1099776K
  class space    used 7693K, capacity 8264K, committed 8320K, reserved 1048576K
Event: 60.269 GC heap after
Heap after GC invocations=9 (full 3):
 PSYoungGen      total 277504K, used 0K [0x000000076b200000, 0x0000000782b00000, 0x00000007c0000000)
  eden space 262144K, 0% used [0x000000076b200000,0x000000076b200000,0x000000077b200000)
  from space 15360K, 0% used [0x0000000781c00000,0x0000000781c00000,0x0000000782b00000)
  to   space 10752K, 0% used [0x000000077b200000,0x000000077b200000,0x000000077bc80000)
 ParOldGen       total 188928K, used 34388K [0x00000006c1600000, 0x00000006cce80000, 0x000000076b200000)
  object space 188928K, 18% used [0x00000006c1600000,0x00000006c37953a8,0x00000006cce80000)
 Metaspace       used 55611K, capacity 59063K, committed 59160K, reserved 1099776K
  class space    used 7693K, capacity 8264K, committed 8320K, reserved 1048576K
}

