# JRE version: Java(TM) SE Runtime Environment (8.0_202-b08) (build 1.8.0_202-b08)
# Java VM: Java HotSpot(TM) 64-Bit Server VM (25.202-b08 mixed mode windows-amd64 compressed oops)
Heap:
 PSYoungGen      total 140288K, used 67101K [0x000000076b200000, 0x0000000776a00000, 0x00000007c0000000)
  eden space 129536K, 51% used [0x000000076b200000,0x000000076f387530,0x0000000773080000)
  from space 10752K, 0% used [0x0000000773080000,0x0000000773080000,0x0000000773b00000)
  to   space 12288K, 0% used [0x0000000775e00000,0x0000000775e00000,0x0000000776a00000)
 ParOldGen       total 148480K, used 14817K [0x00000006c1600000, 0x00000006ca700000, 0x000000076b200000)
  object space 148480K, 9% used [0x00000006c1600000,0x00000006c2478650,0x00000006ca700000)
 Metaspace       used 41015K, capacity 43382K, committed 43608K, reserved 1087488K
  class space    used 5507K, capacity 5914K, committed 6016K, reserved 1048576K
GC Heap History (10 events):
Event: 2.318 GC heap before
{Heap before GC invocations=3 (full 0):
 PSYoungGen      total 76288K, used 16499K [0x000000076b200000, 0x0000000774700000, 0x00000007c0000000)
  eden space 65536K, 12% used [0x000000076b200000,0x000000076ba1c890,0x000000076f200000)
  from space 10752K, 76% used [0x000000076fc80000,0x00000007704805e0,0x0000000770700000)
  to   space 10752K, 0% used [0x000000076f200000,0x000000076f200000,0x000000076fc80000)
 ParOldGen       total 175104K, used 350K [0x00000006c1600000, 0x00000006cc100000, 0x000000076b200000)
  object space 175104K, 0% used [0x00000006c1600000,0x00000006c1657958,0x00000006cc100000)
 Metaspace       used 20196K, capacity 21124K, committed 21248K, reserved 1067008K
  class space    used 2521K, capacity 2734K, committed 2816K, reserved 1048576K
Event: 2.326 GC heap after
Heap after GC invocations=3 (full 0):
 PSYoungGen      total 76288K, used 6183K [0x000000076b200000, 0x0000000774700000, 0x00000007c0000000)
  eden space 65536K, 0% used [0x000000076b200000,0x000000076b200000,0x000000076f200000)
  from space 10752K, 57% used [0x000000076f200000,0x000000076f809cc8,0x000000076fc80000)
  to   space 10752K, 0% used [0x0000000773c80000,0x0000000773c80000,0x0000000774700000)
 ParOldGen       total 175104K, used 358K [0x00000006c1600000, 0x00000006cc100000, 0x000000076b200000)
  object space 175104K, 0% used [0x00000006c1600000,0x00000006c1659958,0x00000006cc100000)
 Metaspace       used 20196K, capacity 21124K, committed 21248K, reserved 1067008K
  class space    used 2521K, capacity 2734K, committed 2816K, reserved 1048576K
}
Event: 2.326 GC heap before
{Heap before GC invocations=4 (full 1):
 PSYoungGen      total 76288K, used 6183K [0x000000076b200000, 0x0000000774700000, 0x00000007c0000000)
  eden space 65536K, 0% used [0x000000076b200000,0x000000076b200000,0x000000076f200000)
  from space 10752K, 57% used [0x000000076f200000,0x000000076f809cc8,0x000000076fc80000)
  to   space 10752K, 0% used [0x0000000773c80000,0x0000000773c80000,0x0000000774700000)
 ParOldGen       total 175104K, used 358K [0x00000006c1600000, 0x00000006cc100000, 0x000000076b200000)
  object space 175104K, 0% used [0x00000006c1600000,0x00000006c1659958,0x00000006cc100000)
 Metaspace       used 20196K, capacity 21124K, committed 21248K, reserved 1067008K
  class space    used 2521K, capacity 2734K, committed 2816K, reserved 1048576K
Event: 2.365 GC heap after
Heap after GC invocations=4 (full 1):
 PSYoungGen      total 76288K, used 0K [0x000000076b200000, 0x0000000774700000, 0x00000007c0000000)
  eden space 65536K, 0% used [0x000000076b200000,0x000000076b200000,0x000000076f200000)
  from space 10752K, 0% used [0x000000076f200000,0x000000076f200000,0x000000076fc80000)
  to   space 10752K, 0% used [0x0000000773c80000,0x0000000773c80000,0x0000000774700000)
 ParOldGen       total 96256K, used 6027K [0x00000006c1600000, 0x00000006c7400000, 0x000000076b200000)
  object space 96256K, 6% used [0x00000006c1600000,0x00000006c1be2c30,0x00000006c7400000)
 Metaspace       used 20196K, capacity 21124K, committed 21248K, reserved 1067008K
  class space    used 2521K, capacity 2734K, committed 2816K, reserved 1048576K
}
Event: 3.630 GC heap before
{Heap before GC invocations=5 (full 1):
 PSYoungGen      total 76288K, used 65536K [0x000000076b200000, 0x0000000774700000, 0x00000007c0000000)
  eden space 65536K, 100% used [0x000000076b200000,0x000000076f200000,0x000000076f200000)
  from space 10752K, 0% used [0x000000076f200000,0x000000076f200000,0x000000076fc80000)
  to   space 10752K, 0% used [0x0000000773c80000,0x0000000773c80000,0x0000000774700000)
 ParOldGen       total 96256K, used 6027K [0x00000006c1600000, 0x00000006c7400000, 0x000000076b200000)
  object space 96256K, 6% used [0x00000006c1600000,0x00000006c1be2c30,0x00000006c7400000)
 Metaspace       used 26364K, capacity 28272K, committed 28416K, reserved 1073152K
  class space    used 3448K, capacity 3794K, committed 3840K, reserved 1048576K
Event: 3.645 GC heap after
Heap after GC invocations=5 (full 1):
 PSYoungGen      total 114176K, used 8856K [0x000000076b200000, 0x0000000774580000, 0x00000007c0000000)
  eden space 104960K, 0% used [0x000000076b200000,0x000000076b200000,0x0000000771880000)
  from space 9216K, 96% used [0x0000000773c80000,0x0000000774526008,0x0000000774580000)
  to   space 10752K, 0% used [0x0000000773080000,0x0000000773080000,0x0000000773b00000)
 ParOldGen       total 96256K, used 6035K [0x00000006c1600000, 0x00000006c7400000, 0x000000076b200000)
  object space 96256K, 6% used [0x00000006c1600000,0x00000006c1be4c30,0x00000006c7400000)
 Metaspace       used 26364K, capacity 28272K, committed 28416K, reserved 1073152K
  class space    used 3448K, capacity 3794K, committed 3840K, reserved 1048576K
}
Event: 5.239 GC heap before
{Heap before GC invocations=6 (full 1):
 PSYoungGen      total 114176K, used 103388K [0x000000076b200000, 0x0000000774580000, 0x00000007c0000000)
  eden space 104960K, 90% used [0x000000076b200000,0x0000000770e51120,0x0000000771880000)
  from space 9216K, 96% used [0x0000000773c80000,0x0000000774526008,0x0000000774580000)
  to   space 10752K, 0% used [0x0000000773080000,0x0000000773080000,0x0000000773b00000)
 ParOldGen       total 96256K, used 6035K [0x00000006c1600000, 0x00000006c7400000, 0x000000076b200000)
  object space 96256K, 6% used [0x00000006c1600000,0x00000006c1be4c30,0x00000006c7400000)
 Metaspace       used 33256K, capacity 35356K, committed 35416K, reserved 1079296K
  class space    used 4321K, capacity 4694K, committed 4736K, reserved 1048576K
Event: 5.254 GC heap after
Heap after GC invocations=6 (full 1):
 PSYoungGen      total 140288K, used 10466K [0x000000076b200000, 0x0000000776a00000, 0x00000007c0000000)
  eden space 129536K, 0% used [0x000000076b200000,0x000000076b200000,0x0000000773080000)
  from space 10752K, 97% used [0x0000000773080000,0x0000000773ab8bd0,0x0000000773b00000)
  to   space 12288K, 0% used [0x0000000775e00000,0x0000000775e00000,0x0000000776a00000)
 ParOldGen       total 96256K, used 6043K [0x00000006c1600000, 0x00000006c7400000, 0x000000076b200000)
  object space 96256K, 6% used [0x00000006c1600000,0x00000006c1be6c30,0x00000006c7400000)
 Metaspace       used 33256K, capacity 35356K, committed 35416K, reserved 1079296K
  class space    used 4321K, capacity 4694K, committed 4736K, reserved 1048576K
}
Event: 5.254 GC heap before
{Heap before GC invocations=7 (full 2):
 PSYoungGen      total 140288K, used 10466K [0x000000076b200000, 0x0000000776a00000, 0x00000007c0000000)
  eden space 129536K, 0% used [0x000000076b200000,0x000000076b200000,0x0000000773080000)
  from space 10752K, 97% used [0x0000000773080000,0x0000000773ab8bd0,0x0000000773b00000)
  to   space 12288K, 0% used [0x0000000775e00000,0x0000000775e00000,0x0000000776a00000)
 ParOldGen       total 96256K, used 6043K [0x00000006c1600000, 0x00000006c7400000, 0x000000076b200000)
  object space 96256K, 6% used [0x00000006c1600000,0x00000006c1be6c30,0x00000006c7400000)
 Metaspace       used 33256K, capacity 35356K, committed 35416K, reserved 1079296K
  class space    used 4321K, capacity 4694K, committed 4736K, reserved 1048576K
Event: 5.320 GC heap after
Heap after GC invocations=7 (full 2):
 PSYoungGen      total 140288K, used 0K [0x000000076b200000, 0x0000000776a00000, 0x00000007c0000000)
  eden space 129536K, 0% used [0x000000076b200000,0x000000076b200000,0x0000000773080000)
  from space 10752K, 0% used [0x0000000773080000,0x0000000773080000,0x0000000773b00000)
  to   space 12288K, 0% used [0x0000000775e00000,0x0000000775e00000,0x0000000776a00000)
 ParOldGen       total 148480K, used 14817K [0x00000006c1600000, 0x00000006ca700000, 0x000000076b200000)
  object space 148480K, 9% used [0x00000006c1600000,0x00000006c2478650,0x00000006ca700000)
 Metaspace       used 33256K, capacity 35356K, committed 35416K, reserved 1079296K
  class space    used 4321K, capacity 4694K, committed 4736K, reserved 1048576K
}

